Traceback (most recent call last):
  File "main2.py", line 15, in <module>
    strategy = tf.distribute.MultiWorkerMirroredStrategy()
  File "/home/ubuntu/anaconda3/envs/tensorflow2_p38/lib/python3.8/site-packages/tensorflow/python/distribute/collective_all_reduce_strategy.py", line 186, in __init__
    CollectiveAllReduceExtended(
  File "/home/ubuntu/anaconda3/envs/tensorflow2_p38/lib/python3.8/site-packages/tensorflow/python/distribute/collective_all_reduce_strategy.py", line 330, in __init__
    self._initialize_strategy(self._cluster_resolver)
  File "/home/ubuntu/anaconda3/envs/tensorflow2_p38/lib/python3.8/site-packages/tensorflow/python/distribute/collective_all_reduce_strategy.py", line 342, in _initialize_strategy
    self._initialize_multi_worker(cluster_resolver)
  File "/home/ubuntu/anaconda3/envs/tensorflow2_p38/lib/python3.8/site-packages/tensorflow/python/distribute/collective_all_reduce_strategy.py", line 537, in _initialize_multi_worker
    self._start_check_health_thread()
  File "/home/ubuntu/anaconda3/envs/tensorflow2_p38/lib/python3.8/site-packages/tensorflow/python/distribute/collective_all_reduce_strategy.py", line 883, in _start_check_health_thread
    self._host_cross_device_ops.reduce(
  File "/home/ubuntu/anaconda3/envs/tensorflow2_p38/lib/python3.8/site-packages/tensorflow/python/distribute/cross_device_ops.py", line 319, in reduce
    return self.reduce_implementation(reduce_op, per_replica_value,
  File "/home/ubuntu/anaconda3/envs/tensorflow2_p38/lib/python3.8/site-packages/tensorflow/python/distribute/cross_device_ops.py", line 1223, in reduce_implementation
    all_reduced = self._all_reduce_per_replica_values(reduce_op,
  File "/home/ubuntu/anaconda3/envs/tensorflow2_p38/lib/python3.8/site-packages/tensorflow/python/distribute/cross_device_ops.py", line 1206, in _all_reduce_per_replica_values
    outputs_by_device = self._pool.map(thread_fn, list(range(num_devices)))
  File "/home/ubuntu/anaconda3/envs/tensorflow2_p38/lib/python3.8/multiprocessing/pool.py", line 364, in map
    return self._map_async(func, iterable, mapstar, chunksize).get()
  File "/home/ubuntu/anaconda3/envs/tensorflow2_p38/lib/python3.8/multiprocessing/pool.py", line 765, in get
    self.wait(timeout)
  File "/home/ubuntu/anaconda3/envs/tensorflow2_p38/lib/python3.8/multiprocessing/pool.py", line 762, in wait
    self._event.wait(timeout)
  File "/home/ubuntu/anaconda3/envs/tensorflow2_p38/lib/python3.8/threading.py", line 558, in wait
    signaled = self._cond.wait(timeout)
  File "/home/ubuntu/anaconda3/envs/tensorflow2_p38/lib/python3.8/threading.py", line 302, in wait
    waiter.acquire()
KeyboardInterrupt
